<?xml version="1.0" encoding="UTF-8"?><sv:node xmlns:sv="http://www.jcp.org/jcr/sv/1.0" sv:name="test-patricia">
  <sv:property sv:name="jcr:primaryType" sv:type="Name">
    <sv:value>hippo:handle</sv:value>
  </sv:property>
  <sv:property sv:name="jcr:mixinTypes" sv:type="Name" sv:multiple="true">
    <sv:value>mix:referenceable</sv:value>
    <sv:value>hippo:translated</sv:value>
  </sv:property>
  <sv:property sv:name="jcr:uuid" sv:type="String">
    <sv:value>a1a257d8-c946-4c90-aefb-7a9267338156</sv:value>
  </sv:property>
  <sv:node sv:name="test-patricia">
    <sv:property sv:name="jcr:primaryType" sv:type="Name">
      <sv:value>urlrewriter:rule</sv:value>
    </sv:property>
    <sv:property sv:name="jcr:mixinTypes" sv:type="Name" sv:multiple="true">
      <sv:value>mix:referenceable</sv:value>
    </sv:property>
    <sv:property sv:name="jcr:uuid" sv:type="String">
      <sv:value>6884258a-d870-4ea3-8d2c-92694f5d2326</sv:value>
    </sv:property>
    <sv:property sv:name="hippo:availability" sv:type="String" sv:multiple="true"/>
    <sv:property sv:name="hippo:related___pathreference" sv:type="String">
      <sv:value>test-patricia/test-patricia[3]</sv:value>
      <sv:value>test-patricia/test-patricia[2]</sv:value>
    </sv:property>
    <sv:property sv:name="hippostd:state" sv:type="String">
      <sv:value>draft</sv:value>
    </sv:property>
    <sv:property sv:name="hippostd:stateSummary" sv:type="String">
      <sv:value>live</sv:value>
    </sv:property>
    <sv:property sv:name="hippostdpubwf:createdBy" sv:type="String">
      <sv:value>berkouwer.patricia</sv:value>
    </sv:property>
    <sv:property sv:name="hippostdpubwf:creationDate" sv:type="Date">
      <sv:value>2014-07-17T12:04:01.657Z</sv:value>
    </sv:property>
    <sv:property sv:name="hippostdpubwf:lastModificationDate" sv:type="Date">
      <sv:value>2014-07-17T12:04:01.889Z</sv:value>
    </sv:property>
    <sv:property sv:name="hippostdpubwf:lastModifiedBy" sv:type="String">
      <sv:value>berkouwer.patricia</sv:value>
    </sv:property>
    <sv:property sv:name="hippostdpubwf:publicationDate" sv:type="Date">
      <sv:value>2008-03-26T12:03:00.000+01:00</sv:value>
    </sv:property>
    <sv:property sv:name="urlrewriter:ruledescription" sv:type="String">
      <sv:value>Test</sv:value>
    </sv:property>
    <sv:property sv:name="urlrewriter:rulefrom" sv:type="String">
      <sv:value>site.hl.tst.open-web.nl/patricia</sv:value>
    </sv:property>
    <sv:property sv:name="urlrewriter:ruleto" sv:type="String">
      <sv:value>http://site.hl.tst.open-web.nl/actueel</sv:value>
    </sv:property>
    <sv:property sv:name="urlrewriter:ruletype" sv:type="String">
      <sv:value>temporary-redirect</sv:value>
    </sv:property>
  </sv:node>
  <sv:node sv:name="hippo:translation">
    <sv:property sv:name="jcr:primaryType" sv:type="Name">
      <sv:value>hippo:translation</sv:value>
    </sv:property>
    <sv:property sv:name="hippo:language" sv:type="String">
      <sv:value/>
    </sv:property>
    <sv:property sv:name="hippo:message" sv:type="String">
      <sv:value>Test Patricia</sv:value>
    </sv:property>
  </sv:node>
  <sv:node sv:name="test-patricia">
    <sv:property sv:name="jcr:primaryType" sv:type="Name">
      <sv:value>urlrewriter:rule</sv:value>
    </sv:property>
    <sv:property sv:name="jcr:mixinTypes" sv:type="Name" sv:multiple="true">
      <sv:value>mix:referenceable</sv:value>
      <sv:value>mix:versionable</sv:value>
    </sv:property>
    <sv:property sv:name="jcr:uuid" sv:type="String">
      <sv:value>a03c89b6-2256-4da4-a395-1fe5cbb972c0</sv:value>
    </sv:property>
    <sv:property sv:name="hippo:availability" sv:type="String" sv:multiple="true">
      <sv:value>preview</sv:value>
    </sv:property>
    <sv:property sv:name="hippo:related___pathreference" sv:type="String">
      <sv:value>test-patricia/test-patricia[3]</sv:value>
    </sv:property>
    <sv:property sv:name="hippostd:state" sv:type="String">
      <sv:value>unpublished</sv:value>
    </sv:property>
    <sv:property sv:name="hippostd:stateSummary" sv:type="String">
      <sv:value>live</sv:value>
    </sv:property>
    <sv:property sv:name="hippostdpubwf:createdBy" sv:type="String">
      <sv:value>berkouwer.patricia</sv:value>
    </sv:property>
    <sv:property sv:name="hippostdpubwf:creationDate" sv:type="Date">
      <sv:value>2014-07-17T12:04:01.657Z</sv:value>
    </sv:property>
    <sv:property sv:name="hippostdpubwf:lastModificationDate" sv:type="Date">
      <sv:value>2014-07-17T12:04:30.373Z</sv:value>
    </sv:property>
    <sv:property sv:name="hippostdpubwf:lastModifiedBy" sv:type="String">
      <sv:value>berkouwer.patricia</sv:value>
    </sv:property>
    <sv:property sv:name="urlrewriter:ruledescription" sv:type="String">
      <sv:value>Test</sv:value>
    </sv:property>
    <sv:property sv:name="urlrewriter:rulefrom" sv:type="String">
      <sv:value>site.hl.tst.open-web.nl/patricia</sv:value>
    </sv:property>
    <sv:property sv:name="urlrewriter:ruleto" sv:type="String">
      <sv:value>http://site.hl.tst.open-web.nl/actueel</sv:value>
    </sv:property>
    <sv:property sv:name="urlrewriter:ruletype" sv:type="String">
      <sv:value>temporary-redirect</sv:value>
    </sv:property>
  </sv:node>
  <sv:node sv:name="test-patricia">
    <sv:property sv:name="jcr:primaryType" sv:type="Name">
      <sv:value>urlrewriter:rule</sv:value>
    </sv:property>
    <sv:property sv:name="jcr:mixinTypes" sv:type="Name" sv:multiple="true">
      <sv:value>mix:referenceable</sv:value>
    </sv:property>
    <sv:property sv:name="jcr:uuid" sv:type="String">
      <sv:value>6d4951ef-37bf-4ba6-925b-490c0da2bc74</sv:value>
    </sv:property>
    <sv:property sv:name="hippo:availability" sv:type="String" sv:multiple="true">
      <sv:value>live</sv:value>
    </sv:property>
    <sv:property sv:name="hippo:related___pathreference" sv:type="String">
      <sv:value>test-patricia/test-patricia[2]</sv:value>
    </sv:property>
    <sv:property sv:name="hippostd:state" sv:type="String">
      <sv:value>published</sv:value>
    </sv:property>
    <sv:property sv:name="hippostd:stateSummary" sv:type="String">
      <sv:value>live</sv:value>
    </sv:property>
    <sv:property sv:name="hippostdpubwf:createdBy" sv:type="String">
      <sv:value>berkouwer.patricia</sv:value>
    </sv:property>
    <sv:property sv:name="hippostdpubwf:creationDate" sv:type="Date">
      <sv:value>2014-07-17T12:04:01.657Z</sv:value>
    </sv:property>
    <sv:property sv:name="hippostdpubwf:lastModificationDate" sv:type="Date">
      <sv:value>2014-07-17T12:04:30.373Z</sv:value>
    </sv:property>
    <sv:property sv:name="hippostdpubwf:lastModifiedBy" sv:type="String">
      <sv:value>berkouwer.patricia</sv:value>
    </sv:property>
    <sv:property sv:name="hippostdpubwf:publicationDate" sv:type="Date">
      <sv:value>2014-07-17T12:04:34.204Z</sv:value>
    </sv:property>
    <sv:property sv:name="urlrewriter:ruledescription" sv:type="String">
      <sv:value>Test</sv:value>
    </sv:property>
    <sv:property sv:name="urlrewriter:rulefrom" sv:type="String">
      <sv:value>site.hl.tst.open-web.nl/patricia</sv:value>
    </sv:property>
    <sv:property sv:name="urlrewriter:ruleto" sv:type="String">
      <sv:value>http://site.hl.tst.open-web.nl/actueel</sv:value>
    </sv:property>
    <sv:property sv:name="urlrewriter:ruletype" sv:type="String">
      <sv:value>temporary-redirect</sv:value>
    </sv:property>
  </sv:node>
</sv:node>
